<?xml version="1.0" encoding="UTF-8"?>
<testsuites>
  <testsuite name="fastlane.lanes">
    
    
    
      
      <testcase classname="fastlane.lanes" name="0: scan" time="27.601532">
        
          <failure message="/Users/shashi/.rvm/gems/ruby-2.3.3/gems/fastlane-2.8.0/fastlane/lib/fastlane/actions/actions_helper.rb:48:in `execute_action'&#10;/Users/shashi/.rvm/gems/ruby-2.3.3/gems/fastlane-2.8.0/fastlane/lib/fastlane/runner.rb:217:in `block in execute_action'&#10;/Users/shashi/.rvm/gems/ruby-2.3.3/gems/fastlane-2.8.0/fastlane/lib/fastlane/runner.rb:213:in `chdir'&#10;/Users/shashi/.rvm/gems/ruby-2.3.3/gems/fastlane-2.8.0/fastlane/lib/fastlane/runner.rb:213:in `execute_action'&#10;/Users/shashi/.rvm/gems/ruby-2.3.3/gems/fastlane-2.8.0/fastlane/lib/fastlane/runner.rb:135:in `trigger_action_by_name'&#10;/Users/shashi/.rvm/gems/ruby-2.3.3/gems/fastlane-2.8.0/fastlane/lib/fastlane/fast_file.rb:146:in `method_missing'&#10;Fastfile:12:in `block in parsing_binding'&#10;/Users/shashi/.rvm/gems/ruby-2.3.3/gems/fastlane-2.8.0/fastlane/lib/fastlane/lane.rb:33:in `call'&#10;/Users/shashi/.rvm/gems/ruby-2.3.3/gems/fastlane-2.8.0/fastlane/lib/fastlane/runner.rb:49:in `block in execute'&#10;/Users/shashi/.rvm/gems/ruby-2.3.3/gems/fastlane-2.8.0/fastlane/lib/fastlane/runner.rb:45:in `chdir'&#10;/Users/shashi/.rvm/gems/ruby-2.3.3/gems/fastlane-2.8.0/fastlane/lib/fastlane/runner.rb:45:in `execute'&#10;/Users/shashi/.rvm/gems/ruby-2.3.3/gems/fastlane-2.8.0/fastlane/lib/fastlane/lane_manager.rb:52:in `cruise_lane'&#10;/Users/shashi/.rvm/gems/ruby-2.3.3/gems/fastlane-2.8.0/fastlane/lib/fastlane/command_line_handler.rb:30:in `handle'&#10;/Users/shashi/.rvm/gems/ruby-2.3.3/gems/fastlane-2.8.0/fastlane/lib/fastlane/commands_generator.rb:96:in `block (2 levels) in run'&#10;/Users/shashi/.rvm/gems/ruby-2.3.3/gems/commander-4.4.3/lib/commander/command.rb:178:in `call'&#10;/Users/shashi/.rvm/gems/ruby-2.3.3/gems/commander-4.4.3/lib/commander/command.rb:153:in `run'&#10;/Users/shashi/.rvm/gems/ruby-2.3.3/gems/commander-4.4.3/lib/commander/runner.rb:446:in `run_active_command'&#10;/Users/shashi/.rvm/gems/ruby-2.3.3/gems/fastlane-2.8.0/fastlane_core/lib/fastlane_core/ui/fastlane_runner.rb:38:in `run!'&#10;/Users/shashi/.rvm/gems/ruby-2.3.3/gems/commander-4.4.3/lib/commander/delegates.rb:15:in `run!'&#10;/Users/shashi/.rvm/gems/ruby-2.3.3/gems/fastlane-2.8.0/fastlane/lib/fastlane/commands_generator.rb:293:in `run'&#10;/Users/shashi/.rvm/gems/ruby-2.3.3/gems/fastlane-2.8.0/fastlane/lib/fastlane/commands_generator.rb:36:in `start'&#10;/Users/shashi/.rvm/gems/ruby-2.3.3/gems/fastlane-2.8.0/fastlane/lib/fastlane/cli_tools_distributor.rb:59:in `take_off'&#10;/Users/shashi/.rvm/gems/ruby-2.3.3/gems/fastlane-2.8.0/bin/fastlane:15:in `&lt;top (required)&gt;'&#10;/Users/shashi/.rvm/gems/ruby-2.3.3/bin/fastlane:22:in `load'&#10;/Users/shashi/.rvm/gems/ruby-2.3.3/bin/fastlane:22:in `&lt;main&gt;'&#10;/Users/shashi/.rvm/gems/ruby-2.3.3/bin/ruby_executable_hooks:15:in `eval'&#10;/Users/shashi/.rvm/gems/ruby-2.3.3/bin/ruby_executable_hooks:15:in `&lt;main&gt;'&#10;&#10;Test execution failed. Exit status: 65" />
        
      </testcase>
    
      
      <testcase classname="fastlane.lanes" name="1: setup_fragile_tests_for_rescan" time="0.073719">
        
      </testcase>
    
      
      <testcase classname="fastlane.lanes" name="2: clear_derived_data" time="0.039861">
        
      </testcase>
    
      
      <testcase classname="fastlane.lanes" name="3: scan" time="36.613974">
        
          <failure message="/Users/shashi/.rvm/gems/ruby-2.3.3/gems/fastlane-2.8.0/fastlane/lib/fastlane/actions/actions_helper.rb:48:in `execute_action'&#10;/Users/shashi/.rvm/gems/ruby-2.3.3/gems/fastlane-2.8.0/fastlane/lib/fastlane/runner.rb:217:in `block in execute_action'&#10;/Users/shashi/.rvm/gems/ruby-2.3.3/gems/fastlane-2.8.0/fastlane/lib/fastlane/runner.rb:213:in `chdir'&#10;/Users/shashi/.rvm/gems/ruby-2.3.3/gems/fastlane-2.8.0/fastlane/lib/fastlane/runner.rb:213:in `execute_action'&#10;/Users/shashi/.rvm/gems/ruby-2.3.3/gems/fastlane-2.8.0/fastlane/lib/fastlane/runner.rb:135:in `trigger_action_by_name'&#10;/Users/shashi/.rvm/gems/ruby-2.3.3/gems/fastlane-2.8.0/fastlane/lib/fastlane/fast_file.rb:146:in `method_missing'&#10;Fastfile:12:in `block in parsing_binding'&#10;/Users/shashi/.rvm/gems/ruby-2.3.3/gems/fastlane-2.8.0/fastlane/lib/fastlane/lane.rb:33:in `call'&#10;/Users/shashi/.rvm/gems/ruby-2.3.3/gems/fastlane-2.8.0/fastlane/lib/fastlane/runner.rb:49:in `block in execute'&#10;/Users/shashi/.rvm/gems/ruby-2.3.3/gems/fastlane-2.8.0/fastlane/lib/fastlane/runner.rb:45:in `chdir'&#10;/Users/shashi/.rvm/gems/ruby-2.3.3/gems/fastlane-2.8.0/fastlane/lib/fastlane/runner.rb:45:in `execute'&#10;/Users/shashi/.rvm/gems/ruby-2.3.3/gems/fastlane-2.8.0/fastlane/lib/fastlane/lane_manager.rb:52:in `cruise_lane'&#10;/Users/shashi/.rvm/gems/ruby-2.3.3/gems/fastlane-2.8.0/fastlane/lib/fastlane/command_line_handler.rb:30:in `handle'&#10;/Users/shashi/.rvm/gems/ruby-2.3.3/gems/fastlane-2.8.0/fastlane/lib/fastlane/commands_generator.rb:96:in `block (2 levels) in run'&#10;/Users/shashi/.rvm/gems/ruby-2.3.3/gems/commander-4.4.3/lib/commander/command.rb:178:in `call'&#10;/Users/shashi/.rvm/gems/ruby-2.3.3/gems/commander-4.4.3/lib/commander/command.rb:153:in `run'&#10;/Users/shashi/.rvm/gems/ruby-2.3.3/gems/commander-4.4.3/lib/commander/runner.rb:446:in `run_active_command'&#10;/Users/shashi/.rvm/gems/ruby-2.3.3/gems/fastlane-2.8.0/fastlane_core/lib/fastlane_core/ui/fastlane_runner.rb:38:in `run!'&#10;/Users/shashi/.rvm/gems/ruby-2.3.3/gems/commander-4.4.3/lib/commander/delegates.rb:15:in `run!'&#10;/Users/shashi/.rvm/gems/ruby-2.3.3/gems/fastlane-2.8.0/fastlane/lib/fastlane/commands_generator.rb:293:in `run'&#10;/Users/shashi/.rvm/gems/ruby-2.3.3/gems/fastlane-2.8.0/fastlane/lib/fastlane/commands_generator.rb:36:in `start'&#10;/Users/shashi/.rvm/gems/ruby-2.3.3/gems/fastlane-2.8.0/fastlane/lib/fastlane/cli_tools_distributor.rb:59:in `take_off'&#10;/Users/shashi/.rvm/gems/ruby-2.3.3/gems/fastlane-2.8.0/bin/fastlane:15:in `&lt;top (required)&gt;'&#10;/Users/shashi/.rvm/gems/ruby-2.3.3/bin/fastlane:22:in `load'&#10;/Users/shashi/.rvm/gems/ruby-2.3.3/bin/fastlane:22:in `&lt;main&gt;'&#10;/Users/shashi/.rvm/gems/ruby-2.3.3/bin/ruby_executable_hooks:15:in `eval'&#10;/Users/shashi/.rvm/gems/ruby-2.3.3/bin/ruby_executable_hooks:15:in `&lt;main&gt;'&#10;&#10;Test execution failed. Exit status: 65" />
        
      </testcase>
    
      
      <testcase classname="fastlane.lanes" name="4: setup_fragile_tests_for_rescan" time="0.007648">
        
      </testcase>
    
      
      <testcase classname="fastlane.lanes" name="5: clear_derived_data" time="0.037157">
        
      </testcase>
    
      
      <testcase classname="fastlane.lanes" name="6: scan" time="27.03526">
        
      </testcase>
    
  </testsuite>
</testsuites>
